Fri 21 Apr 2023 06:45:33 PM UTC: 
 tests:  1|8
total_score: 0/70
5180414
Fri 21 Apr 2023 07:04:55 PM UTC: 
 treemap.c | 8 ++++++--
 1 file changed, 6 insertions(+), 2 deletions(-)
 tests:  4|7
total_score: 5/70
9203d5e
Fri 21 Apr 2023 07:26:13 PM UTC: 
 treemap.c | 22 ++++++++++++++++++++--
 1 file changed, 20 insertions(+), 2 deletions(-)
In file included from test.c:4:
treemap.c: In function ‘insertTreeMap’:
treemap.c:51:23: error: initialization of ‘TreeNode *’ from incompatible pointer type ‘Pair *’ [-Werror=incompatible-pointer-types]
   51 |   TreeNode *nodoAux = searchTreeMap(tree,key);
      |                       ^~~~~~~~~~~~~
treemap.c:53:1: error: expected expression before ‘}’ token
   53 | }
      | ^
cc1: all warnings being treated as errors
Compilation failed
e645b8e
Fri 21 Apr 2023 07:26:33 PM UTC: 
 treemap.c | 4 ++--
 1 file changed, 2 insertions(+), 2 deletions(-)
 tests:  4|7
total_score: 5/70
72e5b2e
Fri 21 Apr 2023 07:28:34 PM UTC: 
 treemap.c | 3 ++-
 1 file changed, 2 insertions(+), 1 deletion(-)
 tests:  6|6
total_score: 5/70
a2e61a9
Fri 21 Apr 2023 07:41:21 PM UTC: 
 treemap.c | 12 ++----------
 1 file changed, 2 insertions(+), 10 deletions(-)
 tests:  7|6
total_score: 5/70
8e5366b
Sat 22 Apr 2023 02:35:30 AM UTC: 
 treemap.c | 17 ++++++++++++++---
 1 file changed, 14 insertions(+), 3 deletions(-)
 tests:  13|5
total_score: 15/70
8ad0aee
Sat 22 Apr 2023 03:35:39 AM UTC: 
 treemap.c | 42 ++++++++++++++++++++++++++++++++++++++++--
 1 file changed, 40 insertions(+), 2 deletions(-)
 tests:  0|0
7f3d356
Sat 22 Apr 2023 03:37:48 AM UTC: 
 treemap.c | 2 +-
 1 file changed, 1 insertion(+), 1 deletion(-)
 tests:  15|4
total_score: 25/70
40c22b5
Sat 22 Apr 2023 03:47:15 AM UTC: 
 treemap.c | 17 ++++++++++++++---
 1 file changed, 14 insertions(+), 3 deletions(-)
 tests:  17|4
total_score: 30/70
2933021
Sat 22 Apr 2023 03:51:52 AM UTC: 
 treemap.c | 6 ++++--
 1 file changed, 4 insertions(+), 2 deletions(-)
In file included from test.c:4:
treemap.c: In function ‘firstTreeMap’:
treemap.c:149:28: error: ‘TreeNode’ has no member named ‘current’
  149 |   auxTree = minimum(auxTree->current);
      |                            ^~
treemap.c:150:26: error: ‘TreeNode’ has no member named ‘current’
  150 |   tree->current = auxTree->current;
      |                          ^~
Compilation failed
02eb42c
Sat 22 Apr 2023 03:52:20 AM UTC: 
 treemap.c | 2 +-
 1 file changed, 1 insertion(+), 1 deletion(-)
In file included from test.c:4:
treemap.c: In function ‘firstTreeMap’:
treemap.c:149:28: error: ‘TreeNode’ has no member named ‘current’
  149 |   auxTree = minimum(auxTree->current);
      |                            ^~
treemap.c:150:26: error: ‘TreeNode’ has no member named ‘current’
  150 |   tree->current = auxTree->current;
      |                          ^~
Compilation failed
75517d4
Sat 22 Apr 2023 03:53:05 AM UTC: 
 treemap.c | 2 +-
 1 file changed, 1 insertion(+), 1 deletion(-)
In file included from test.c:4:
treemap.c: In function ‘firstTreeMap’:
treemap.c:150:26: error: ‘TreeNode’ has no member named ‘current’
  150 |   tree->current = auxTree->current;
      |                          ^~
Compilation failed
e0e0049
Sat 22 Apr 2023 03:53:16 AM UTC: 
 treemap.c | 2 +-
 1 file changed, 1 insertion(+), 1 deletion(-)
 tests:  19|3
total_score: 35/70
ee0f3c1
Sat 22 Apr 2023 05:34:34 AM UTC: 
 treemap.c | 19 +++++++++++++++++--
 1 file changed, 17 insertions(+), 2 deletions(-)
In file included from test.c:4:
treemap.c: In function ‘upperBound’:
treemap.c:148:20: error: ‘TreeNode’ has no member named ‘key’
  148 |       if(tree->root->key > key)
      |                    ^~
treemap.c:158:10: error: returning ‘TreeNode *’ from a function with incompatible return type ‘Pair *’ [-Werror=incompatible-pointer-types]
  158 |   return nodoChico;
      |          ^~~~~~~~~
cc1: all warnings being treated as errors
Compilation failed
f3b698d
Sat 22 Apr 2023 05:34:49 AM UTC: 
 treemap.c | 2 +-
 1 file changed, 1 insertion(+), 1 deletion(-)
In file included from test.c:4:
treemap.c: In function ‘upperBound’:
treemap.c:148:20: error: ‘TreeNode’ has no member named ‘key’
  148 |       if(tree->root->key > key)
      |                    ^~
Compilation failed
29f773c
Sat 22 Apr 2023 05:35:08 AM UTC: 
 treemap.c | 2 +-
 1 file changed, 1 insertion(+), 1 deletion(-)
In file included from test.c:4:
treemap.c: In function ‘upperBound’:
treemap.c:148:21: error: comparison of distinct pointer types lacks a cast [-Werror]
  148 |       if(tree->root > key)
      |                     ^
cc1: all warnings being treated as errors
Compilation failed
5170f2c
Sat 22 Apr 2023 05:37:24 AM UTC: 
 treemap.c | 8 ++++----
 1 file changed, 4 insertions(+), 4 deletions(-)
In file included from test.c:4:
treemap.c: In function ‘upperBound’:
treemap.c:158:10: error: ‘nodoChico’ undeclared (first use in this function)
  158 |   return nodoChico->pair->key;
      |          ^~~~~~~~~
treemap.c:158:10: note: each undeclared identifier is reported only once for each function it appears in
treemap.c:159:1: error: control reaches end of non-void function [-Werror=return-type]
  159 | }
      | ^
cc1: all warnings being treated as errors
Compilation failed
6713f25
Sat 22 Apr 2023 05:37:38 AM UTC: 
 treemap.c | 2 +-
 1 file changed, 1 insertion(+), 1 deletion(-)
 tests:  19|3
total_score: 35/70
a279b98
Sat 22 Apr 2023 05:39:54 AM UTC: 
 treemap.c | 10 +++++-----
 1 file changed, 5 insertions(+), 5 deletions(-)
In file included from test.c:4:
treemap.c: In function ‘upperBound’:
treemap.c:150:25: error: ‘TreeNode’ has no member named ‘root’
  150 |         result = auxTree->root;
      |                         ^~
treemap.c:151:16: error: ‘TreeNode’ has no member named ‘root’
  151 |         auxTree->root = auxTree->root->left;
      |                ^~
treemap.c:151:32: error: ‘TreeNode’ has no member named ‘root’
  151 |         auxTree->root = auxTree->root->left;
      |                                ^~
treemap.c:155:16: error: ‘TreeNode’ has no member named ‘root’
  155 |         auxTree->root = auxTree->root->right;
      |                ^~
treemap.c:155:32: error: ‘TreeNode’ has no member named ‘root’
  155 |         auxTree->root = auxTree->root->right;
      |                                ^~
treemap.c:158:10: error: returning ‘TreeNode *’ from a function with incompatible return type ‘Pair *’ [-Werror=incompatible-pointer-types]
  158 |   return result;
      |          ^~~~~~
cc1: all warnings being treated as errors
Compilation failed
7430c8c
Sat 22 Apr 2023 05:40:11 AM UTC: 
 treemap.c | 2 +-
 1 file changed, 1 insertion(+), 1 deletion(-)
In file included from test.c:4:
treemap.c: In function ‘upperBound’:
treemap.c:146:16: error: ‘TreeNode’ has no member named ‘root’
  146 |   while(auxTree->root != NULL)
      |                ^~
treemap.c:150:25: error: ‘TreeNode’ has no member named ‘root’
  150 |         result = auxTree->root;
      |                         ^~
treemap.c:151:16: error: ‘TreeNode’ has no member named ‘root’
  151 |         auxTree->root = auxTree->root->left;
      |                ^~
treemap.c:151:32: error: ‘TreeNode’ has no member named ‘root’
  151 |         auxTree->root = auxTree->root->left;
      |                                ^~
treemap.c:155:16: error: ‘TreeNode’ has no member named ‘root’
  155 |         auxTree->root = auxTree->root->right;
      |                ^~
treemap.c:155:32: error: ‘TreeNode’ has no member named ‘root’
  155 |         auxTree->root = auxTree->root->right;
      |                                ^~
treemap.c:158:10: error: returning ‘TreeNode *’ from a function with incompatible return type ‘Pair *’ [-Werror=incompatible-pointer-types]
  158 |   return result;
      |          ^~~~~~
cc1: all warnings being treated as errors
Compilation failed
69970ad
Sat 22 Apr 2023 05:40:41 AM UTC: 
 treemap.c | 8 ++++----
 1 file changed, 4 insertions(+), 4 deletions(-)
In file included from test.c:4:
treemap.c: In function ‘upperBound’:
treemap.c:158:10: error: returning ‘TreeNode *’ from a function with incompatible return type ‘Pair *’ [-Werror=incompatible-pointer-types]
  158 |   return result;
      |          ^~~~~~
cc1: all warnings being treated as errors
Compilation failed
80c7ff7
Sat 22 Apr 2023 05:40:54 AM UTC: 
 treemap.c | 2 +-
 1 file changed, 1 insertion(+), 1 deletion(-)
 tests:  19|3
total_score: 35/70
a4b2d1c
Sat 22 Apr 2023 05:46:43 AM UTC: 
 treemap.c | 8 ++++++--
 1 file changed, 6 insertions(+), 2 deletions(-)
In file included from test.c:4:
treemap.c: In function ‘upperBound’:
treemap.c:154:18: error: ‘auzTree’ undeclared (first use in this function); did you mean ‘auxTree’?
  154 |         result = auzTree;
      |                  ^~~~~~~
      |                  auxTree
treemap.c:154:18: note: each undeclared identifier is reported only once for each function it appears in
Compilation failed
9873c99
Sat 22 Apr 2023 05:46:52 AM UTC: 
 treemap.c | 2 +-
 1 file changed, 1 insertion(+), 1 deletion(-)
 tests:  19|3
total_score: 35/70
5584cd8
Sat 22 Apr 2023 05:48:38 AM UTC: 
 treemap.c | 4 ++--
 1 file changed, 2 insertions(+), 2 deletions(-)
In file included from test.c:4:
treemap.c: In function ‘upperBound’:
treemap.c:148:40: error: ‘TreeNode’ has no member named ‘key’
  148 |       if(tree -> lower_than(key,auxTree->key) == 0)
      |                                        ^~
treemap.c:152:45: error: ‘TreeNode’ has no member named ‘key’
  152 |       else if(tree -> lower_than(key,auxTree->key) < 0)
      |                                             ^~
Compilation failed
ff3031f
Sat 22 Apr 2023 05:49:38 AM UTC: 
 treemap.c | 4 ++--
 1 file changed, 2 insertions(+), 2 deletions(-)
 tests:  19|3
total_score: 35/70
8ddf78c
Sat 22 Apr 2023 05:52:39 AM UTC: 
 treemap.c | 6 ++++++
 1 file changed, 6 insertions(+)
 tests:  19|3
total_score: 35/70
d93f376
Sat 22 Apr 2023 05:52:55 AM UTC: 
 treemap.c | 4 ++--
 1 file changed, 2 insertions(+), 2 deletions(-)
 tests:  19|3
total_score: 35/70
ed69d7d
Sat 22 Apr 2023 05:56:25 AM UTC: 
 treemap.c | 5 +++--
 1 file changed, 3 insertions(+), 2 deletions(-)
In file included from test.c:4:
treemap.c: In function ‘upperBound’:
treemap.c:148:10: error: too few arguments to function ‘is_equal’
  148 |       if(is_equal(key,auxTree->pair->key) == 0)
      |          ^~~~~~~~
treemap.c:22:5: note: declared here
   22 | int is_equal(TreeMap* tree, void* key1, void* key2){
      |     ^~~~~~~~
Compilation failed
5c176e7
Sat 22 Apr 2023 05:56:42 AM UTC: 
 treemap.c | 2 +-
 1 file changed, 1 insertion(+), 1 deletion(-)
 tests:  19|3
total_score: 35/70
5b38162
Sat 22 Apr 2023 06:00:08 AM UTC: 
 treemap.c | 2 +-
 1 file changed, 1 insertion(+), 1 deletion(-)
 tests:  19|3
total_score: 35/70
9308394
Sat 22 Apr 2023 06:06:47 AM UTC: 
 treemap.c | 4 ++--
 1 file changed, 2 insertions(+), 2 deletions(-)
 tests:  20|3
total_score: 35/70
c24c855
Sat 22 Apr 2023 06:08:08 AM UTC: 
 treemap.c | 3 ++-
 1 file changed, 2 insertions(+), 1 deletion(-)
 tests:  23|2
total_score: 45/70
315a471
Sat 22 Apr 2023 06:12:02 AM UTC: 
 treemap.c | 7 +++++++
 1 file changed, 7 insertions(+)
In file included from test.c:4:
treemap.c: In function ‘nextTreeMap’:
treemap.c:191:19: error: ‘TreeNode’ has no member named ‘root’
  191 |   if(tree->current->root != NULL)
      |                   ^~
Compilation failed
1183619
Sat 22 Apr 2023 06:12:13 AM UTC: 
 treemap.c | 2 +-
 1 file changed, 1 insertion(+), 1 deletion(-)
 tests:  0|0
be2fdd0
Sat 22 Apr 2023 06:12:35 AM UTC: 
 treemap.c | 2 +-
 1 file changed, 1 insertion(+), 1 deletion(-)
 tests:  0|0
779663c
Sat 22 Apr 2023 06:13:38 AM UTC: 
 treemap.c | 6 +++---
 1 file changed, 3 insertions(+), 3 deletions(-)
 tests:  23|2
total_score: 45/70
d0efdd6
Sat 22 Apr 2023 06:24:53 AM UTC: 
 treemap.c | 16 +++++++++++-----
 1 file changed, 11 insertions(+), 5 deletions(-)
In file included from test.c:4:
treemap.c: In function ‘nextTreeMap’:
treemap.c:197:39: error: ‘TreeNode’ has no member named ‘key’
  197 |     TreeNode * auxTree = tree->current->key;
      |                                       ^~
treemap.c:199:48: error: ‘TreeNode’ has no member named ‘key’
  199 |     if(tree -> lower_than(auxTree,tree->current->key) == 0)
      |                                                ^~
treemap.c:200:3: error: expected expression before ‘}’ token
  200 |   }
      |   ^
Compilation failed
1e0b988
Sat 22 Apr 2023 06:25:15 AM UTC: 
 treemap.c | 4 ++--
 1 file changed, 2 insertions(+), 2 deletions(-)
In file included from test.c:4:
treemap.c: In function ‘nextTreeMap’:
treemap.c:197:30: error: ‘TreeMap’ has no member named ‘key’
  197 |     TreeNode * auxTree = tree->key;
      |                              ^~
treemap.c:200:3: error: expected expression before ‘}’ token
  200 |   }
      |   ^
Compilation failed
045ced5
Sat 22 Apr 2023 06:25:39 AM UTC: 
 treemap.c | 2 +-
 1 file changed, 1 insertion(+), 1 deletion(-)
In file included from test.c:4:
treemap.c: In function ‘nextTreeMap’:
treemap.c:200:3: error: expected expression before ‘}’ token
  200 |   }
      |   ^
Compilation failed
012123c
Sat 22 Apr 2023 06:25:49 AM UTC: 
 treemap.c | 2 +-
 1 file changed, 1 insertion(+), 1 deletion(-)
In file included from test.c:4:
treemap.c: In function ‘nextTreeMap’:
treemap.c:200:3: error: expected expression before ‘}’ token
  200 |   }
      |   ^
Compilation failed
8016ba0
Sat 22 Apr 2023 06:25:56 AM UTC: 
 treemap.c | 3 +++
 1 file changed, 3 insertions(+)
 tests:  23|2
total_score: 45/70
06917d3
Sat 22 Apr 2023 06:34:56 AM UTC: 
 treemap.c | 19 ++++++++++++++++++-
 1 file changed, 18 insertions(+), 1 deletion(-)
In file included from test.c:4:
treemap.c: In function ‘nextTreeMap’:
treemap.c:204:22: error: statement with no effect [-Werror=unused-value]
  204 |         tree->current->right;
      |         ~~~~~~~~~~~~~^~~~~~~
treemap.c:212:22: error: statement with no effect [-Werror=unused-value]
  212 |         tree->current->left;
      |         ~~~~~~~~~~~~~^~~~~~
cc1: all warnings being treated as errors
Compilation failed
addf335
Sat 22 Apr 2023 06:35:45 AM UTC: 
 treemap.c | 4 ++--
 1 file changed, 2 insertions(+), 2 deletions(-)
 tests:  0|0
4b0c1e1
Sat 22 Apr 2023 06:36:18 AM UTC: 
 treemap.c | 10 ++--------
 1 file changed, 2 insertions(+), 8 deletions(-)
 tests:  0|0
512d31d
Sat 22 Apr 2023 06:37:03 AM UTC: 
 treemap.c | 4 ----
 1 file changed, 4 deletions(-)
 tests:  23|2
total_score: 45/70
a61ffb4
Sat 22 Apr 2023 06:42:04 AM UTC: 
 treemap.c | 16 ++--------------
 1 file changed, 2 insertions(+), 14 deletions(-)
In file included from test.c:4:
treemap.c: In function ‘nextTreeMap’:
treemap.c:198:27: error: ‘TreeNode’ has no member named ‘pait’; did you mean ‘pair’?
  198 |     return tree->current->pait;
      |                           ^~~~
      |                           pair
Compilation failed
ea25b36
Sat 22 Apr 2023 06:42:11 AM UTC: 
 treemap.c | 2 +-
 1 file changed, 1 insertion(+), 1 deletion(-)
 tests:  24|2
total_score: 45/70
c55d165
Sat 22 Apr 2023 06:45:50 AM UTC: 
 treemap.c | 3 +++
 1 file changed, 3 insertions(+)
 tests:  24|2
total_score: 45/70
6905b8c
Sat 22 Apr 2023 06:46:56 AM UTC: 
 treemap.c | 4 ++++
 1 file changed, 4 insertions(+)
 tests:  24|2
total_score: 45/70
5aeebcb
Sat 22 Apr 2023 06:47:30 AM UTC: 
 treemap.c | 3 ++-
 1 file changed, 2 insertions(+), 1 deletion(-)
 tests:  24|2
total_score: 45/70
6f16525
Sat 22 Apr 2023 06:48:13 AM UTC: 
 treemap.c | 3 ++-
 1 file changed, 2 insertions(+), 1 deletion(-)
 tests:  24|2
total_score: 45/70
995c15e
Sat 22 Apr 2023 05:15:10 PM UTC: 
 treemap.c | 4 ++--
 1 file changed, 2 insertions(+), 2 deletions(-)
 tests:  24|2
total_score: 45/70
1fc4608
Sat 22 Apr 2023 05:15:37 PM UTC: 
 treemap.c | 5 -----
 1 file changed, 5 deletions(-)
 tests:  24|2
total_score: 45/70
ef105b4
Sat 22 Apr 2023 06:04:00 PM UTC: 
 treemap.c | 17 +++++++++++------
 1 file changed, 11 insertions(+), 6 deletions(-)
 tests:  26|1
total_score: 55/70
be58282
Sat 22 Apr 2023 06:11:25 PM UTC: 
 treemap.c | 47 +++++++++++++++++++++++++++++++++++++++++++++--
 1 file changed, 45 insertions(+), 2 deletions(-)
In file included from test.c:4:
treemap.c: In function ‘removeNode’:
treemap.c:141:27: error: implicit declaration of function ‘minimumNode’; did you mean ‘minimum’? [-Werror=implicit-function-declaration]
  141 |       TreeNode *minimum = minimumNode(node->right);
      |                           ^~~~~~~~~~~
      |                           minimum
treemap.c:141:27: error: initialization of ‘TreeNode *’ from ‘int’ makes pointer from integer without a cast [-Werror=int-conversion]
treemap.c:142:11: error: ‘TreeNode’ has no member named ‘key’
  142 |       node->key = minimum->key;
      |           ^~
treemap.c:142:26: error: ‘TreeNode’ has no member named ‘key’
  142 |       node->key = minimum->key;
      |                          ^~
treemap.c:143:11: error: ‘TreeNode’ has no member named ‘value’
  143 |       node->value = minimum->value;
      |           ^~
treemap.c:143:28: error: ‘TreeNode’ has no member named ‘value’
  143 |       node->value = minimum->value;
      |                            ^~
cc1: all warnings being treated as errors
Compilation failed
dd5681d
Sat 22 Apr 2023 06:12:35 PM UTC: 
 treemap.c | 8 ++++----
 1 file changed, 4 insertions(+), 4 deletions(-)
In file included from test.c:4:
treemap.c: In function ‘removeNode’:
treemap.c:142:11: error: ‘TreeNode’ has no member named ‘key’
  142 |       node->key = numMin->key;
      |           ^~
treemap.c:142:25: error: ‘TreeNode’ has no member named ‘key’
  142 |       node->key = numMin->key;
      |                         ^~
treemap.c:143:11: error: ‘TreeNode’ has no member named ‘value’
  143 |       node->value = numMin->value;
      |           ^~
treemap.c:143:27: error: ‘TreeNode’ has no member named ‘value’
  143 |       node->value = numMin->value;
      |                           ^~
Compilation failed
993b3d2
Sat 22 Apr 2023 11:34:59 PM UTC: 
 treemap.c | 41 +++++------------------------------------
 1 file changed, 5 insertions(+), 36 deletions(-)
 tests:  27|1
total_score: 60/70
71967be
Sat 22 Apr 2023 11:41:25 PM UTC: 
 treemap.c | 9 ++++++++-
 1 file changed, 8 insertions(+), 1 deletion(-)
In file included from test.c:4:
treemap.c: In function ‘removeNode’:
treemap.c:111:28: error: assignment to ‘TreeNode *’ from ‘int’ makes pointer from integer without a cast [-Werror=int-conversion]
  111 |         node->parent->left = (node->left || node->right)
      |                            ^
treemap.c:111:57: error: expected ‘;’ before ‘}’ token
  111 |         node->parent->left = (node->left || node->right)
      |                                                         ^
      |                                                         ;
  112 |       }
      |       ~                                                  
treemap.c:115:29: error: assignment to ‘TreeNode *’ from ‘int’ makes pointer from integer without a cast [-Werror=int-conversion]
  115 |         node->parent->right = (node->left || node->right)
      |                             ^
treemap.c:115:58: error: expected ‘;’ before ‘}’ token
  115 |         node->parent->right = (node->left || node->right)
      |                                                          ^
      |                                                          ;
  116 |       }
      |       ~                                                   
cc1: all warnings being treated as errors
Compilation failed
ef62b68
Sat 22 Apr 2023 11:42:47 PM UTC: 
 treemap.c | 4 ++--
 1 file changed, 2 insertions(+), 2 deletions(-)
In file included from test.c:4:
treemap.c: In function ‘removeNode’:
treemap.c:111:28: error: assignment to ‘TreeNode *’ from ‘int’ makes pointer from integer without a cast [-Werror=int-conversion]
  111 |         node->parent->left = (node->left || node->right);
      |                            ^
treemap.c:115:29: error: assignment to ‘TreeNode *’ from ‘int’ makes pointer from integer without a cast [-Werror=int-conversion]
  115 |         node->parent->right = (node->left || node->right);
      |                             ^
cc1: all warnings being treated as errors
Compilation failed
2835e98
Sat 22 Apr 2023 11:46:00 PM UTC: 
 treemap.c | 4 ++--
 1 file changed, 2 insertions(+), 2 deletions(-)
 tests:  27|1
total_score: 60/70
6f1afd9
Sat 22 Apr 2023 11:47:32 PM UTC: 
 treemap.c | 3 +++
 1 file changed, 3 insertions(+)
 tests:  27|1
total_score: 60/70
169924a
Sun 23 Apr 2023 12:00:18 AM UTC: 
 treemap.c | 2 ++
 1 file changed, 2 insertions(+)
 tests:  27|1
total_score: 60/70
3038984
Sun 23 Apr 2023 01:04:21 AM UTC: 
 treemap.c | 5 ++++-
 1 file changed, 4 insertions(+), 1 deletion(-)
 tests:  27|1
total_score: 60/70
d8063fd
Sun 23 Apr 2023 01:07:08 AM UTC: 
 treemap.c | 6 ------
 1 file changed, 6 deletions(-)
 tests:  0|0
53e13dc
Sun 23 Apr 2023 01:21:00 AM UTC: 
 treemap.c | 6 ++++++
 1 file changed, 6 insertions(+)
 tests:  27|1
total_score: 60/70
79f3e3c
Sun 23 Apr 2023 01:22:32 AM UTC: 
 treemap.c | 7 +------
 1 file changed, 1 insertion(+), 6 deletions(-)
 tests:  27|1
total_score: 60/70
07ea3c0
Sun 23 Apr 2023 01:27:38 AM UTC: 
 treemap.c | 35 +++++++++++++++++++++++++++++++++++
 1 file changed, 35 insertions(+)
In file included from test.c:4:
treemap.c: In function ‘removeNode’:
treemap.c:154:13: error: ‘TreeNode’ has no member named ‘key’
  154 |         node->key = minNode->key; // Copiar la llave del nodo con valor mínimo al nodo a eliminar
      |             ^~
treemap.c:154:28: error: ‘TreeNode’ has no member named ‘key’
  154 |         node->key = minNode->key; // Copiar la llave del nodo con valor mínimo al nodo a eliminar
      |                            ^~
treemap.c:155:13: error: ‘TreeNode’ has no member named ‘value’
  155 |         node->value = minNode->value; // Copiar el valor del nodo con valor mínimo al nodo a eliminar
      |             ^~
treemap.c:155:30: error: ‘TreeNode’ has no member named ‘value’
  155 |         node->value = minNode->value; // Copiar el valor del nodo con valor mínimo al nodo a eliminar
      |                              ^~
treemap.c: At top level:
treemap.c:160:1: error: expected identifier or ‘(’ before ‘}’ token
  160 | }
      | ^
Compilation failed
da9dd54
Sun 23 Apr 2023 01:28:26 AM UTC: 
 treemap.c | 4 ++--
 1 file changed, 2 insertions(+), 2 deletions(-)
In file included from test.c:4:
treemap.c:160:1: error: expected identifier or ‘(’ before ‘}’ token
  160 | }
      | ^
Compilation failed
3736fa9
